<?xml version="1.0" encoding="UTF-8"?>
<!-- Generated by org.testng.reporters.JUnitReportReporter -->
<testsuite hostname="DESKTOP-DS1JQN3" failures="0" tests="1" name="chrome.googletest" time="8.354" errors="0" timestamp="2023-08-07T23:38:26 IST" skipped="0">
  <testcase classname="chrome.googletest" name="googleTitleTest" time="8.354"/>
  <system-out/>
</testsuite> <!-- chrome.googletest -->
